Added Component: Designator=C1(UUJ2A680MNQ1MS)
Added Component: Designator=C2(UUJ2A680MNQ1MS)
Added Component: Designator=C3(UUJ2A680MNQ1MS)
Added Component: Designator=C4(0805 CAPACITOR)
Added Component: Designator=C5(0805 CAPACITOR)
Added Component: Designator=C6(0805 CAPACITOR)
Added Component: Designator=C7(0805 CAPACITOR)
Added Component: Designator=C8(0805 CAPACITOR)
Added Component: Designator=C9(0805 CAPACITOR)
Added Component: Designator=C10(0805 CAPACITOR)
Added Component: Designator=C11(0805 CAPACITOR)
Added Component: Designator=C12(0805 CAPACITOR)
Added Component: Designator=C13(0805 CAPACITOR)
Added Component: Designator=C14(0805 CAPACITOR)
Added Component: Designator=C15(0805 CAPACITOR)
Added Component: Designator=C16(0805 CAPACITOR)
Added Component: Designator=C17(0805 CAPACITOR)
Added Component: Designator=C18(0805 CAPACITOR)
Added Component: Designator=C19(0805 CAPACITOR)
Added Component: Designator=C20(0805 CAPACITOR)
Added Component: Designator=C21(0805 CAPACITOR)
Added Component: Designator=C22(0805 CAPACITOR)
Added Component: Designator=C23(0805 CAPACITOR)
Added Component: Designator=C24(0805 CAPACITOR)
Added Component: Designator=C25(0805 CAPACITOR)
Added Component: Designator=C26(0805 CAPACITOR)
Added Component: Designator=C27(0805 CAPACITOR)
Added Component: Designator=C28(0805 CAPACITOR)
Added Component: Designator=C29(0805 CAPACITOR)
Added Component: Designator=C30(0805 CAPACITOR)
Added Component: Designator=C31(0805 CAPACITOR)
Added Component: Designator=C32(0805 CAPACITOR)
Added Component: Designator=C33(0805 CAPACITOR)
Added Component: Designator=C34(0805 CAPACITOR)
Added Component: Designator=C35(0805 CAPACITOR)
Added Component: Designator=C36(0805 CAPACITOR)
Added Component: Designator=C37(0805 CAPACITOR)
Added Component: Designator=C38(0805 CAPACITOR)
Added Component: Designator=C39(0805 CAPACITOR)
Added Component: Designator=C40(0805 CAPACITOR)
Added Component: Designator=C41(0805 CAPACITOR)
Added Component: Designator=C42(0805 CAPACITOR)
Added Component: Designator=C43(0805 CAPACITOR)
Added Component: Designator=C44(0805 CAPACITOR)
Added Component: Designator=C44(0805 CAPACITOR)
Added Component: Designator=C45(0805 CAPACITOR)
Added Component: Designator=C46(0805 CAPACITOR)
Added Component: Designator=C47(0805 CAPACITOR)
Added Component: Designator=D1(1N5819HW-7-F_DIO-M)
Added Component: Designator=D2(1N5819HW-7-F_DIO-M)
Added Component: Designator=D3(1N5819HW-7-F_DIO-M)
Added Component: Designator=D4(1N5819HW-7-F_DIO-M)
Added Component: Designator=D5(1N5819HW-7-F_DIO-M)
Added Component: Designator=D6(1N5819HW-7-F_DIO-M)
Added Component: Designator=D7(1N5819HW-7-F_DIO-M)
Added Component: Designator=D8(1N5819HW-7-F_DIO-M)
Added Component: Designator=D9(1N5819HW-7-F_DIO-M)
Added Component: Designator=D10(1N5819HW-7-F_DIO-M)
Added Component: Designator=D11(1N5819HW-7-F_DIO-M)
Added Component: Designator=D12(1N5819HW-7-F_DIO-M)
Added Component: Designator=J1(CONN_1770461)
Added Component: Designator=J2(CONN_1770461)
Added Component: Designator=J3(3PIN 3.5mm KLEMENS)
Added Component: Designator=J4(5PIN 35.MM KLEMENS)
Added Component: Designator=J5(CONN_1770461)
Added Component: Designator=J6(3PIN 3.5mm KLEMENS)
Added Component: Designator=L1(MPX1D2213L6R8)
Added Component: Designator=L2(PA1320.221NL)
Added Component: Designator=L3(PA1320.221NL)
Added Component: Designator=Q1(IXTA62N15P)
Added Component: Designator=Q2(IXTA62N15P)
Added Component: Designator=Q3(IXTA62N15P)
Added Component: Designator=Q4(IXTA62N15P)
Added Component: Designator=R1(2512 RESISTOR)
Added Component: Designator=R2(2512 RESISTOR)
Added Component: Designator=R3(2512 RESISTOR)
Added Component: Designator=R4(2512 RESISTOR)
Added Component: Designator=R5(2512 RESISTOR)
Added Component: Designator=R6(2512 RESISTOR)
Added Component: Designator=R7(2512 RESISTOR)
Added Component: Designator=R8(2512 RESISTOR)
Added Component: Designator=R9(0805 RESISTOR)
Added Component: Designator=R10(0805 RESISTOR)
Added Component: Designator=R11(0805 RESISTOR)
Added Component: Designator=R12(0805 RESISTOR)
Added Component: Designator=R13(0805 RESISTOR)
Added Component: Designator=R14_ROD(0805 RESISTOR)
Added Component: Designator=R15(0805 RESISTOR)
Added Component: Designator=R16(0805 RESISTOR)
Added Component: Designator=R17(0805 RESISTOR)
Added Component: Designator=U1(UCC5350MCDR)
Added Component: Designator=U2(UCC5350MCDR)
Added Component: Designator=U3(UCC5350MCDR)
Added Component: Designator=U4(UCC5350MCDR)
Added Component: Designator=U5(SBT01M-15)
Added Component: Designator=U6(SBT01M-15)
Added Component: Designator=U7(SBT01M-15)
Added Component: Designator=U8(SBT01M-15)
Added Component: Designator=U9(ADuM3190ARQZ)
Added Component: Designator=U10(L78L33ABD-TR)
Added Pin To Net: NetName=NetC1_1 Pin=C1-1
Added Pin To Net: NetName=GND Pin=C1-2
Added Pin To Net: NetName=NetC2_1 Pin=C2-1
Added Pin To Net: NetName=GND Pin=C2-2
Added Pin To Net: NetName=NetC2_1 Pin=C3-1
Added Pin To Net: NetName=GND Pin=C3-2
Added Pin To Net: NetName=NetC1_1 Pin=C4-1
Added Pin To Net: NetName=GND Pin=C4-2
Added Pin To Net: NetName=GND Pin=C5-1
Added Pin To Net: NetName=NetC1_1 Pin=C5-2
Added Pin To Net: NetName=NetC2_1 Pin=C6-1
Added Pin To Net: NetName=GND Pin=C6-2
Added Pin To Net: NetName=GND Pin=C7-1
Added Pin To Net: NetName=NetC2_1 Pin=C7-2
Added Pin To Net: NetName=SGND Pin=C8-1
Added Pin To Net: NetName=NetC8_2 Pin=C8-2
Added Pin To Net: NetName=SGND Pin=C9-1
Added Pin To Net: NetName=NetC8_2 Pin=C9-2
Added Pin To Net: NetName=SGND Pin=C10-1
Added Pin To Net: NetName=NetC10_2 Pin=C10-2
Added Pin To Net: NetName=SGND Pin=C11-1
Added Pin To Net: NetName=NetC10_2 Pin=C11-2
Added Pin To Net: NetName=SGND Pin=C12-1
Added Pin To Net: NetName=NetC12_2 Pin=C12-2
Added Pin To Net: NetName=SGND Pin=C13-1
Added Pin To Net: NetName=NetC12_2 Pin=C13-2
Added Pin To Net: NetName=SGND Pin=C14-1
Added Pin To Net: NetName=NetC14_2 Pin=C14-2
Added Pin To Net: NetName=SGND Pin=C15-1
Added Pin To Net: NetName=NetC14_2 Pin=C15-2
Added Pin To Net: NetName=NetC16_1 Pin=C16-1
Added Pin To Net: NetName=SGND Pin=C16-2
Added Pin To Net: NetName=SGND Pin=C17-1
Added Pin To Net: NetName=NetC16_1 Pin=C17-2
Added Pin To Net: NetName=SW1 Pin=C18-1
Added Pin To Net: NetName=VCC_Q1 Pin=C18-2
Added Pin To Net: NetName=VEE_Q1 Pin=C19-1
Added Pin To Net: NetName=VCC_Q1 Pin=C19-2
Added Pin To Net: NetName=VEE_Q1 Pin=C20-1
Added Pin To Net: NetName=VCC_Q1 Pin=C20-2
Added Pin To Net: NetName=NetC21_1 Pin=C21-1
Added Pin To Net: NetName=NetC21_2 Pin=C21-2
Added Pin To Net: NetName=NetC21_2 Pin=C22-1
Added Pin To Net: NetName=NetC21_1 Pin=C22-2
Added Pin To Net: NetName=GND Pin=C23-1
Added Pin To Net: NetName=VCC_Q2 Pin=C23-2
Added Pin To Net: NetName=VEE_Q2 Pin=C24-1
Added Pin To Net: NetName=VCC_Q2 Pin=C24-2
Added Pin To Net: NetName=VEE_Q2 Pin=C25-1
Added Pin To Net: NetName=VCC_Q2 Pin=C25-2
Added Pin To Net: NetName=NetC26_1 Pin=C26-1
Added Pin To Net: NetName=SGND Pin=C26-2
Added Pin To Net: NetName=SGND Pin=C27-1
Added Pin To Net: NetName=NetC26_1 Pin=C27-2
Added Pin To Net: NetName=GND Pin=C28-1
Added Pin To Net: NetName=VCC_Q3 Pin=C28-2
Added Pin To Net: NetName=VEE_Q3 Pin=C29-1
Added Pin To Net: NetName=VCC_Q3 Pin=C29-2
Added Pin To Net: NetName=VEE_Q3 Pin=C30-1
Added Pin To Net: NetName=VCC_Q3 Pin=C30-2
Added Pin To Net: NetName=SGND Pin=C31-1
Added Pin To Net: NetName=NetC31_2 Pin=C31-2
Added Pin To Net: NetName=SGND Pin=C32-1
Added Pin To Net: NetName=NetC31_2 Pin=C32-2
Added Pin To Net: NetName=NetC33_1 Pin=C33-1
Added Pin To Net: NetName=VCC_Q4 Pin=C33-2
Added Pin To Net: NetName=VEE_Q4 Pin=C34-1
Added Pin To Net: NetName=VCC_Q4 Pin=C34-2
Added Pin To Net: NetName=VEE_Q4 Pin=C35-1
Added Pin To Net: NetName=VCC_Q4 Pin=C35-2
Added Pin To Net: NetName=GND Pin=C36-1
Added Pin To Net: NetName=NetC36_2 Pin=C36-2
Added Pin To Net: NetName=GND Pin=C37-1
Added Pin To Net: NetName=Vmeas Pin=C37-2
Added Pin To Net: NetName=GND Pin=C38-1
Added Pin To Net: NetName=5V Pin=C38-2
Added Pin To Net: NetName=GND Pin=C39-1
Added Pin To Net: NetName=5V Pin=C39-2
Added Pin To Net: NetName=NetC40_1 Pin=C40-1
Added Pin To Net: NetName=GND Pin=C40-2
Added Pin To Net: NetName=NetC41_1 Pin=C41-1
Added Pin To Net: NetName=3V3 Pin=C41-2
Added Pin To Net: NetName=NetC41_1 Pin=C42-1
Added Pin To Net: NetName=3V3 Pin=C42-2
Added Pin To Net: NetName=NetC43_1 Pin=C43-1
Added Pin To Net: NetName=NetC41_1 Pin=C43-2
Added Pin To Net: NetName=SGND Pin=C44-1
Added Pin To Net: NetName=SGND Pin=C44-1
Added Pin To Net: NetName=12V Pin=C44-2
Added Pin To Net: NetName=NetC44_2 Pin=C44-2
Added Pin To Net: NetName=SGND Pin=C45-1
Added Pin To Net: NetName=12V Pin=C45-2
Added Pin To Net: NetName=SGND Pin=C46-1
Added Pin To Net: NetName=3V3 Pin=C46-2
Added Pin To Net: NetName=SGND Pin=C47-1
Added Pin To Net: NetName=3V3 Pin=C47-2
Added Pin To Net: NetName=3V3 Pin=D1-1
Added Pin To Net: NetName=NetC8_2 Pin=D1-2
Added Pin To Net: NetName=3V3 Pin=D2-1
Added Pin To Net: NetName=NetC10_2 Pin=D2-2
Added Pin To Net: NetName=3V3 Pin=D3-1
Added Pin To Net: NetName=NetC12_2 Pin=D3-2
Added Pin To Net: NetName=3V3 Pin=D4-1
Added Pin To Net: NetName=NetC14_2 Pin=D4-2
Added Pin To Net: NetName=NetD5_1 Pin=D5-1
Added Pin To Net: NetName=NetD5_2 Pin=D5-2
Added Pin To Net: NetName=NetD6_1 Pin=D6-1
Added Pin To Net: NetName=NetD6_2 Pin=D6-2
Added Pin To Net: NetName=NetD7_1 Pin=D7-1
Added Pin To Net: NetName=NetD7_2 Pin=D7-2
Added Pin To Net: NetName=NetD8_1 Pin=D8-1
Added Pin To Net: NetName=NetD8_2 Pin=D8-2
Added Pin To Net: NetName=12V Pin=D9-1
Added Pin To Net: NetName=NetC16_1 Pin=D9-2
Added Pin To Net: NetName=12V Pin=D10-1
Added Pin To Net: NetName=NetC21_1 Pin=D10-2
Added Pin To Net: NetName=12V Pin=D11-1
Added Pin To Net: NetName=NetC26_1 Pin=D11-2
Added Pin To Net: NetName=12V Pin=D12-1
Added Pin To Net: NetName=NetC31_2 Pin=D12-2
Added Pin To Net: NetName=V1 Pin=J1-1
Added Pin To Net: NetName=V1 Pin=J1-2
Added Pin To Net: NetName=GND Pin=J1-3
Added Pin To Net: NetName=GND Pin=J1-3
Added Pin To Net: NetName=GND Pin=J1-4
Added Pin To Net: NetName=GND Pin=J1-4
Added Pin To Net: NetName=V0 Pin=J2-1
Added Pin To Net: NetName=V0 Pin=J2-2
Added Pin To Net: NetName=GND Pin=J2-3
Added Pin To Net: NetName=GND Pin=J2-3
Added Pin To Net: NetName=GND Pin=J2-4
Added Pin To Net: NetName=GND Pin=J2-4
Added Pin To Net: NetName=NetC44_2 Pin=J3-1
Added Pin To Net: NetName=SGND Pin=J3-2
Added Pin To Net: NetName=PWM1 Pin=J4-1
Added Pin To Net: NetName=PWM2 Pin=J4-2
Added Pin To Net: NetName=PWM3 Pin=J4-3
Added Pin To Net: NetName=PWM4 Pin=J4-4
Added Pin To Net: NetName=SGND Pin=J4-5
Added Pin To Net: NetName=5V Pin=J5-1
Added Pin To Net: NetName=5V Pin=J5-2
Added Pin To Net: NetName=GND Pin=J5-3
Added Pin To Net: NetName=GND Pin=J5-3
Added Pin To Net: NetName=GND Pin=J5-4
Added Pin To Net: NetName=GND Pin=J5-4
Added Pin To Net: NetName=12V Pin=J6-1
Added Pin To Net: NetName=SGND Pin=J6-2
Added Pin To Net: NetName=SW1 Pin=L1-1
Added Pin To Net: NetName=SW2 Pin=L1-2
Added Pin To Net: NetName=V1 Pin=L2-1
Added Pin To Net: NetName=NetC1_1 Pin=L2-2
Added Pin To Net: NetName=NetC2_1 Pin=L3-1
Added Pin To Net: NetName=V0 Pin=L3-2
Added Pin To Net: NetName=G1 Pin=Q1-1
Added Pin To Net: NetName=NetC1_1 Pin=Q1-2
Added Pin To Net: NetName=SW1 Pin=Q1-3
Added Pin To Net: NetName=G2 Pin=Q2-1
Added Pin To Net: NetName=SW1 Pin=Q2-2
Added Pin To Net: NetName=GND Pin=Q2-3
Added Pin To Net: NetName=G3 Pin=Q3-1
Added Pin To Net: NetName=SW2 Pin=Q3-2
Added Pin To Net: NetName=GND Pin=Q3-3
Added Pin To Net: NetName=G4 Pin=Q4-1
Added Pin To Net: NetName=NetC2_1 Pin=Q4-2
Added Pin To Net: NetName=SW2 Pin=Q4-3
Added Pin To Net: NetName=NetD5_2 Pin=R1-1
Added Pin To Net: NetName=G1 Pin=R1-2
Added Pin To Net: NetName=NetD5_1 Pin=R2-1
Added Pin To Net: NetName=G1 Pin=R2-2
Added Pin To Net: NetName=NetD6_2 Pin=R3-1
Added Pin To Net: NetName=G2 Pin=R3-2
Added Pin To Net: NetName=NetD6_1 Pin=R4-1
Added Pin To Net: NetName=G2 Pin=R4-2
Added Pin To Net: NetName=NetD7_2 Pin=R5-1
Added Pin To Net: NetName=G3 Pin=R5-2
Added Pin To Net: NetName=NetD7_1 Pin=R6-1
Added Pin To Net: NetName=G3 Pin=R6-2
Added Pin To Net: NetName=NetD8_2 Pin=R7-1
Added Pin To Net: NetName=G4 Pin=R7-2
Added Pin To Net: NetName=NetD8_1 Pin=R8-1
Added Pin To Net: NetName=G4 Pin=R8-2
Added Pin To Net: NetName=SW1 Pin=R9-1
Added Pin To Net: NetName=VEE_Q1 Pin=R9-2
Added Pin To Net: NetName=GND Pin=R10-1
Added Pin To Net: NetName=VEE_Q2 Pin=R10-2
Added Pin To Net: NetName=V0 Pin=R11-1
Added Pin To Net: NetName=NetC36_2 Pin=R11-2
Added Pin To Net: NetName=NetC36_2 Pin=R12-1
Added Pin To Net: NetName=GND Pin=R12-2
Added Pin To Net: NetName=Vmeas Pin=R13-1
Added Pin To Net: NetName=NetC36_2 Pin=R13-2
Added Pin To Net: NetName=NetR14_ROD_1 Pin=R14_ROD-1
Added Pin To Net: NetName=3V3 Pin=R14_ROD-2
Added Pin To Net: NetName=NetC44_2 Pin=R15-1
Added Pin To Net: NetName=NetR15_2 Pin=R15-2
Added Pin To Net: NetName=NetC33_1 Pin=R16-1
Added Pin To Net: NetName=VEE_Q4 Pin=R16-2
Added Pin To Net: NetName=GND Pin=R17-1
Added Pin To Net: NetName=VEE_Q3 Pin=R17-2
Added Pin To Net: NetName=NetC8_2 Pin=U1-1
Added Pin To Net: NetName=PWM1 Pin=U1-2
Added Pin To Net: NetName=SGND Pin=U1-3
Added Pin To Net: NetName=SGND Pin=U1-4
Added Pin To Net: NetName=VCC_Q2 Pin=U1-5
Added Pin To Net: NetName=NetD5_2 Pin=U1-6
Added Pin To Net: NetName=G1 Pin=U1-7
Added Pin To Net: NetName=VEE_Q1 Pin=U1-8
Added Pin To Net: NetName=NetC10_2 Pin=U2-1
Added Pin To Net: NetName=PWM2 Pin=U2-2
Added Pin To Net: NetName=SGND Pin=U2-3
Added Pin To Net: NetName=SGND Pin=U2-4
Added Pin To Net: NetName=VCC_Q2 Pin=U2-5
Added Pin To Net: NetName=NetD6_2 Pin=U2-6
Added Pin To Net: NetName=G2 Pin=U2-7
Added Pin To Net: NetName=VEE_Q2 Pin=U2-8
Added Pin To Net: NetName=NetC12_2 Pin=U3-1
Added Pin To Net: NetName=PWM3 Pin=U3-2
Added Pin To Net: NetName=SGND Pin=U3-3
Added Pin To Net: NetName=SGND Pin=U3-4
Added Pin To Net: NetName=VCC_Q3 Pin=U3-5
Added Pin To Net: NetName=NetD7_2 Pin=U3-6
Added Pin To Net: NetName=G3 Pin=U3-7
Added Pin To Net: NetName=VEE_Q3 Pin=U3-8
Added Pin To Net: NetName=NetC14_2 Pin=U4-1
Added Pin To Net: NetName=PWM4 Pin=U4-2
Added Pin To Net: NetName=SGND Pin=U4-3
Added Pin To Net: NetName=SGND Pin=U4-4
Added Pin To Net: NetName=VCC_Q4 Pin=U4-5
Added Pin To Net: NetName=NetD8_2 Pin=U4-6
Added Pin To Net: NetName=G4 Pin=U4-7
Added Pin To Net: NetName=VEE_Q4 Pin=U4-8
Added Pin To Net: NetName=SGND Pin=U5-1
Added Pin To Net: NetName=NetC16_1 Pin=U5-2
Added Pin To Net: NetName=SW1 Pin=U5-4
Added Pin To Net: NetName=VCC_Q1 Pin=U5-5
Added Pin To Net: NetName=NetC21_2 Pin=U6-1
Added Pin To Net: NetName=NetC21_1 Pin=U6-2
Added Pin To Net: NetName=GND Pin=U6-4
Added Pin To Net: NetName=VCC_Q2 Pin=U6-5
Added Pin To Net: NetName=SGND Pin=U7-1
Added Pin To Net: NetName=NetC26_1 Pin=U7-2
Added Pin To Net: NetName=GND Pin=U7-4
Added Pin To Net: NetName=VCC_Q3 Pin=U7-5
Added Pin To Net: NetName=SGND Pin=U8-1
Added Pin To Net: NetName=NetC31_2 Pin=U8-2
Added Pin To Net: NetName=NetC33_1 Pin=U8-4
Added Pin To Net: NetName=VCC_Q4 Pin=U8-5
Added Pin To Net: NetName=3V3 Pin=U9-1
Added Pin To Net: NetName=NetC41_1 Pin=U9-2
Added Pin To Net: NetName=NetC43_1 Pin=U9-3
Added Pin To Net: NetName=NetR14_ROD_1 Pin=U9-6
Added Pin To Net: NetName=NetR15_2 Pin=U9-7
Added Pin To Net: NetName=SGND Pin=U9-8
Added Pin To Net: NetName=GND Pin=U9-9
Added Pin To Net: NetName=NetU9_10 Pin=U9-10
Added Pin To Net: NetName=NetU9_10 Pin=U9-11
Added Pin To Net: NetName=Vmeas Pin=U9-12
Added Pin To Net: NetName=NetC40_1 Pin=U9-14
Added Pin To Net: NetName=GND Pin=U9-15
Added Pin To Net: NetName=5V Pin=U9-16
Added Pin To Net: NetName=3V3 Pin=U10-1
Added Pin To Net: NetName=SGND Pin=U10-2
Added Pin To Net: NetName=SGND Pin=U10-3
Added Pin To Net: NetName=SGND Pin=U10-4
Added Pin To Net: NetName=SGND Pin=U10-5
Added Pin To Net: NetName=SGND Pin=U10-6
Added Pin To Net: NetName=SGND Pin=U10-7
Added Pin To Net: NetName=12V Pin=U10-8
Added Member To Class: ClassName=Sheet1 Member=Component C1 UUJ2A680MNQ1MS
Added Member To Class: ClassName=Sheet1 Member=Component C2 68µF 100V
Added Member To Class: ClassName=Sheet1 Member=Component C3 68µF 100V
Added Member To Class: ClassName=Sheet1 Member=Component C4 0805
Added Member To Class: ClassName=Sheet1 Member=Component C5 0805
Added Member To Class: ClassName=Sheet1 Member=Component C6 0805
Added Member To Class: ClassName=Sheet1 Member=Component C7 0805
Added Member To Class: ClassName=Sheet1 Member=Component C8 0805
Added Member To Class: ClassName=Sheet1 Member=Component C9 0805
Added Member To Class: ClassName=Sheet1 Member=Component C10 0805
Added Member To Class: ClassName=Sheet1 Member=Component C11 0805
Added Member To Class: ClassName=Sheet1 Member=Component C12 0805
Added Member To Class: ClassName=Sheet1 Member=Component C13 0805
Added Member To Class: ClassName=Sheet1 Member=Component C14 0805
Added Member To Class: ClassName=Sheet1 Member=Component C15 0805
Added Member To Class: ClassName=Sheet1 Member=Component C16 0805
Added Member To Class: ClassName=Sheet1 Member=Component C17 0805
Added Member To Class: ClassName=Sheet1 Member=Component C18 0805
Added Member To Class: ClassName=Sheet1 Member=Component C19 0805
Added Member To Class: ClassName=Sheet1 Member=Component C20 0805
Added Member To Class: ClassName=Sheet1 Member=Component C21 0805
Added Member To Class: ClassName=Sheet1 Member=Component C22 0805
Added Member To Class: ClassName=Sheet1 Member=Component C23 0805
Added Member To Class: ClassName=Sheet1 Member=Component C24 0805
Added Member To Class: ClassName=Sheet1 Member=Component C25 0805
Added Member To Class: ClassName=Sheet2 Member=Component C26 0805
Added Member To Class: ClassName=Sheet2 Member=Component C27 0805
Added Member To Class: ClassName=Sheet2 Member=Component C28 0805
Added Member To Class: ClassName=Sheet2 Member=Component C29 0805
Added Member To Class: ClassName=Sheet2 Member=Component C30 0805
Added Member To Class: ClassName=Sheet2 Member=Component C31 0805
Added Member To Class: ClassName=Sheet2 Member=Component C32 0805
Added Member To Class: ClassName=Sheet2 Member=Component C33 0805
Added Member To Class: ClassName=Sheet2 Member=Component C34 0805
Added Member To Class: ClassName=Sheet2 Member=Component C35 0805
Added Member To Class: ClassName=Sheet2 Member=Component C36 0805
Added Member To Class: ClassName=Sheet2 Member=Component C37 0805
Added Member To Class: ClassName=Sheet2 Member=Component C38 0805
Added Member To Class: ClassName=Sheet2 Member=Component C39 0805
Added Member To Class: ClassName=Sheet2 Member=Component C40 0805
Added Member To Class: ClassName=Sheet2 Member=Component C41 0805
Added Member To Class: ClassName=Sheet2 Member=Component C42 0805
Added Member To Class: ClassName=Sheet2 Member=Component C43 0805
Added Member To Class: ClassName=Sheet2 Member=Component C44 0805
Added Member To Class: ClassName=Sheet2 Member=Component C44 0805
Added Member To Class: ClassName=Sheet2 Member=Component C45 0805
Added Member To Class: ClassName=Sheet2 Member=Component C46 0805
Added Member To Class: ClassName=Sheet2 Member=Component C47 0805
Added Member To Class: ClassName=Sheet1 Member=Component D1 1N5819HW-7-F
Added Member To Class: ClassName=Sheet1 Member=Component D2 1N5819HW-7-F
Added Member To Class: ClassName=Sheet1 Member=Component D3 1N5819HW-7-F
Added Member To Class: ClassName=Sheet1 Member=Component D4 1N5819HW-7-F
Added Member To Class: ClassName=Sheet1 Member=Component D5 1N5819HW-7-F
Added Member To Class: ClassName=Sheet1 Member=Component D6 1N5819HW-7-F
Added Member To Class: ClassName=Sheet1 Member=Component D7 1N5819HW-7-F
Added Member To Class: ClassName=Sheet1 Member=Component D8 1N5819HW-7-F
Added Member To Class: ClassName=Sheet1 Member=Component D9 1N5819HW-7-F
Added Member To Class: ClassName=Sheet1 Member=Component D10 1N5819HW-7-F
Added Member To Class: ClassName=Sheet2 Member=Component D11 1N5819HW-7-F
Added Member To Class: ClassName=Sheet2 Member=Component D12 1N5819HW-7-F
Added Member To Class: ClassName=Sheet2 Member=Component J1 1770461 CONNECTOR
Added Member To Class: ClassName=Sheet2 Member=Component J2 1770461 CONNECTOR
Added Member To Class: ClassName=Sheet2 Member=Component J3 3.5mm KLEMENS
Added Member To Class: ClassName=Sheet2 Member=Component J4 5 Pinli 3.5mm KLEMENS
Added Member To Class: ClassName=Sheet2 Member=Component J5 1770461 CONNECTOR
Added Member To Class: ClassName=Sheet2 Member=Component J6 3.5mm KLEMENS
Added Member To Class: ClassName=Sheet1 Member=Component L1 6.8 µH
Added Member To Class: ClassName=Sheet1 Member=Component L2 PA1320.221NL
Added Member To Class: ClassName=Sheet1 Member=Component L3 PA1320.221NL
Added Member To Class: ClassName=Sheet1 Member=Component Q1 IXTA60N10T
Added Member To Class: ClassName=Sheet1 Member=Component Q2 IXTA60N10T
Added Member To Class: ClassName=Sheet1 Member=Component Q3 IXTA62N15P
Added Member To Class: ClassName=Sheet1 Member=Component Q4 IXTA62N15P
Added Member To Class: ClassName=Sheet1 Member=Component R1 2515
Added Member To Class: ClassName=Sheet1 Member=Component R2 2515
Added Member To Class: ClassName=Sheet1 Member=Component R3 2515
Added Member To Class: ClassName=Sheet1 Member=Component R4 2515
Added Member To Class: ClassName=Sheet1 Member=Component R5 2515
Added Member To Class: ClassName=Sheet1 Member=Component R6 2515
Added Member To Class: ClassName=Sheet1 Member=Component R7 2515
Added Member To Class: ClassName=Sheet1 Member=Component R8 2515
Added Member To Class: ClassName=Sheet1 Member=Component R9 0805
Added Member To Class: ClassName=Sheet1 Member=Component R10 0805
Added Member To Class: ClassName=Sheet2 Member=Component R11 0805
Added Member To Class: ClassName=Sheet2 Member=Component R12 0805
Added Member To Class: ClassName=Sheet2 Member=Component R13 0805
Added Member To Class: ClassName=Sheet2 Member=Component R14_ROD 0805
Added Member To Class: ClassName=Sheet2 Member=Component R15 0805
Added Member To Class: ClassName=Sheet2 Member=Component R16 0805
Added Member To Class: ClassName=Sheet2 Member=Component R17 0805
Added Member To Class: ClassName=Sheet1 Member=Component U1 UCC5350MCDR
Added Member To Class: ClassName=Sheet1 Member=Component U2 UCC5350MCDR
Added Member To Class: ClassName=Sheet1 Member=Component U3 UCC5350MCDR
Added Member To Class: ClassName=Sheet1 Member=Component U4 UCC5350MCDR
Added Member To Class: ClassName=Sheet1 Member=Component U5 SBT01M-15
Added Member To Class: ClassName=Sheet1 Member=Component U6 SBT01M-15
Added Member To Class: ClassName=Sheet2 Member=Component U7 SBT01M-15
Added Member To Class: ClassName=Sheet2 Member=Component U8 SBT01M-15
Added Member To Class: ClassName=Sheet2 Member=Component U9 ADuM3190ARQZ
Added Member To Class: ClassName=Sheet2 Member=Component U10 L78L33ABD-TR
Added Room: Name=Sheet1
Added Room: Name=Sheet2
